#
# A fatal error has been detected by the Java Runtime Environment:
#
#  SIGSEGV (0xb) at pc=0x00007fffc3913b57, pid=5502, tid=47151
#
# JRE version: Java(TM) SE Runtime Environment (8.0_25-b17) (build 1.8.0_25-b17)
# Java VM: Java HotSpot(TM) 64-Bit Server VM (25.25-b02 mixed mode bsd-amd64 compressed oops)
# Problematic frame:
# C  [libobjc.A.dylib+0x6b57]  objc_msgSend+0x17
#
# Failed to write core dump. Core dumps have been disabled. To enable core dumping, try "ulimit -c unlimited" before starting Java again
#
# If you would like to submit a bug report, please visit:
#   http://bugreport.sun.com/bugreport/crash.jsp
# The crash happened outside the Java Virtual Machine in native code.
# See problematic frame for where to report the bug.
#

---------------  T H R E A D  ---------------

Current thread (0x00007fdfb0112800):  JavaThread "Java2D Queue Flusher" daemon [_thread_in_native, id=47151, stack(0x0000700001c08000,0x0000700001d08000)]

siginfo: si_signo: 11 (SIGSEGV), si_code: 0 (unknown), si_addr: 0x0000000000000000

Registers:
RAX=0x00007fdfb01d2000, RBX=0x00007fdfb01129e8, RCX=0x00007fdfb01d2040, RDX=0x00000001199edad0
RSP=0x0000700001d07728, RBP=0x0000700001d07750, RSI=0x00007fffad907cd2, RDI=0x2000000000000000
R8 =0x0000000000000045, R9 =0x000000000003ab58, R10=0x00007ffffffffff8, R11=0x0000000105123c00
R12=0x00007fdfb01d2038, R13=0x0000700001d078e8, R14=0x00007fdfae691780, R15=0x00007fdfae691f60
RIP=0x00007fffc3913b57, EFLAGS=0x0000000000010246, ERR=0x0000000000000000
  TRAPNO=0x000000000000000d

Top of Stack: (sp=0x0000700001d07728)
0x0000700001d07728:   00000001199cd4ea 00007fdfae692b10
0x0000700001d07738:   0000000000000000 00007fdfae861410
0x0000700001d07748:   00007fdfb0112800 0000700001d077d0
0x0000700001d07758:   00000001199ed5ae 00007fdfae45ee00
0x0000700001d07768:   0000000200000001 0000000000000000
0x0000700001d07778:   0000700001d07800 0000000000000000
0x0000700001d07788:   0000000000000000 0000700001d077d0
0x0000700001d07798:   00007fdfae861420 0000000000d07828
0x0000700001d077a8:   00007fdfb01129e8 0000000116c73c58
0x0000700001d077b8:   0000000000000000 0000700001d07968
0x0000700001d077c8:   00007fdfb0112800 0000700001d07820
0x0000700001d077d8:   000000010516f7ea 00000007abb31d40
0x0000700001d077e8:   00000001043d1e98 0000000000000064
0x0000700001d077f8:   0000000000000000 0000000000000064
0x0000700001d07808:   00007fdfae45e5c8 0000700001d07870
0x0000700001d07818:   00000001041f8f53 0000700001d07940
0x0000700001d07828:   00000001051241fc 0000000000000001
0x0000700001d07838:   00007fdfae45f590 00000007abb18000
0x0000700001d07848:   00007fdfb0112800 00007fdfb0112800
0x0000700001d07858:   00000001164ffa08 0000700001d07968
0x0000700001d07868:   00007fdfb0112800 0000700001d078c0
0x0000700001d07878:   0000000105094428 00000007abb31d40
0x0000700001d07888:   00000001050f1326 0000700001d07940
0x0000700001d07898:   0000000105123c5c 0000000116b6846c
0x0000700001d078a8:   0000700001d078e8 0000000116b684e8
0x0000700001d078b8:   0000000000000000 0000700001d07940
0x0000700001d078c8:   0000000104df098d 0000700001d07940
0x0000700001d078d8:   0000000104df098d 0000000104df098d
0x0000700001d078e8:   00000007abb31d40 0000000000000003
0x0000700001d078f8:   00000007abb18000 0000700001d078f0
0x0000700001d07908:   00000001168ddec9 0000700001d07968
0x0000700001d07918:   0000000116928518 0000000000000000 

Instructions: (pc=0x00007fffc3913b57)
0x00007fffc3913b37:   84 00 00 00 00 00 0f 1f 00 48 85 ff 2e 74 62 40
0x00007fffc3913b47:   f6 c7 01 2e 75 66 49 ba f8 ff ff ff ff 7f 00 00
0x00007fffc3913b57:   4c 23 17 49 89 f3 45 23 5a 18 49 c1 e3 04 4d 03
0x00007fffc3913b67:   5a 10 49 3b 33 75 04 41 ff 63 08 49 83 3b 01 76 

Register to memory mapping:

RAX=0x00007fdfb01d2000 is an unknown value
RBX=0x00007fdfb01129e8 is an unknown value
RCX=0x00007fdfb01d2040 is an unknown value
RDX=0x00000001199edad0: Java_sun_java2d_opengl_OGLRenderQueue_flushBuffer+0xb5c in /Library/Java/JavaVirtualMachines/jdk1.8.0_25.jdk/Contents/Home/jre/lib/libawt_lwawt.dylib at 0x00000001199b2000
RSP=0x0000700001d07728 is pointing into the stack for thread: 0x00007fdfb0112800
RBP=0x0000700001d07750 is pointing into the stack for thread: 0x00007fdfb0112800
RSI=0x00007fffad907cd2: __NSStyleNameIndexTable+0x71fe5 in /System/Library/Frameworks/AppKit.framework/Versions/C/AppKit at 0x00007fffacd85000
RDI=0x2000000000000000 is an unknown value
R8 =0x0000000000000045 is an unknown value
R9 =0x000000000003ab58 is an unknown value
R10=0x00007ffffffffff8 is an unknown value
R11=0x0000000105123c00 is at entry_point+0 in (nmethod*)0x0000000105123a90
R12=0x00007fdfb01d2038 is an unknown value
R13=0x0000700001d078e8 is pointing into the stack for thread: 0x00007fdfb0112800
R14=0x00007fdfae691780 is an unknown value
R15=0x00007fdfae691f60 is an unknown value


Stack: [0x0000700001c08000,0x0000700001d08000],  sp=0x0000700001d07728,  free space=1021k
Native frames: (J=compiled Java code, j=interpreted, Vv=VM code, C=native code)
C  [libobjc.A.dylib+0x6b57]  objc_msgSend+0x17
C  [libawt_lwawt.dylib+0x3b5ae]  Java_sun_java2d_opengl_OGLRenderQueue_flushBuffer+0x63a
J 917  sun.java2d.opengl.OGLRenderQueue.flushBuffer(JI)V (0 bytes) @ 0x000000010516f7ea [0x000000010516f740+0xaa]
J 849 C1 sun.java2d.opengl.OGLRenderQueue.flushBuffer()V (41 bytes) @ 0x00000001051241fc [0x0000000105123fa0+0x25c]
J 848 C1 sun.java2d.opengl.OGLRenderQueue.access$100(Lsun/java2d/opengl/OGLRenderQueue;)V (5 bytes) @ 0x0000000105123c5c [0x0000000105123c00+0x5c]
j  sun.java2d.opengl.OGLRenderQueue$QueueFlusher.run()V+81
v  ~StubRoutines::call_stub
V  [libjvm.dylib+0x2d4516]  JavaCalls::call_helper(JavaValue*, methodHandle*, JavaCallArguments*, Thread*)+0x6ae
V  [libjvm.dylib+0x2d4ca4]  JavaCalls::call_virtual(JavaValue*, KlassHandle, Symbol*, Symbol*, JavaCallArguments*, Thread*)+0x164
V  [libjvm.dylib+0x2d4e50]  JavaCalls::call_virtual(JavaValue*, Handle, KlassHandle, Symbol*, Symbol*, Thread*)+0x4a
V  [libjvm.dylib+0x32583f]  thread_entry(JavaThread*, Thread*)+0x7c
V  [libjvm.dylib+0x535ed9]  JavaThread::thread_main_inner()+0x9b
V  [libjvm.dylib+0x53761c]  JavaThread::run()+0x1c2
V  [libjvm.dylib+0x45d87e]  java_start(Thread*)+0xf6
C  [libsystem_pthread.dylib+0x3abb]  _pthread_body+0xb4
C  [libsystem_pthread.dylib+0x3a07]  _pthread_body+0x0
C  [libsystem_pthread.dylib+0x3231]  thread_start+0xd
C  0x0000000000000000

Java frames: (J=compiled Java code, j=interpreted, Vv=VM code)
J 917  sun.java2d.opengl.OGLRenderQueue.flushBuffer(JI)V (0 bytes) @ 0x000000010516f778 [0x000000010516f740+0x38]
J 849 C1 sun.java2d.opengl.OGLRenderQueue.flushBuffer()V (41 bytes) @ 0x00000001051241fc [0x0000000105123fa0+0x25c]
J 848 C1 sun.java2d.opengl.OGLRenderQueue.access$100(Lsun/java2d/opengl/OGLRenderQueue;)V (5 bytes) @ 0x0000000105123c5c [0x0000000105123c00+0x5c]
j  sun.java2d.opengl.OGLRenderQueue$QueueFlusher.run()V+81
v  ~StubRoutines::call_stub

---------------  P R O C E S S  ---------------

Java Threads: ( => current thread )
  0x00007fdfaf007000 JavaThread "DestroyJavaVM" [_thread_blocked, id=7171, stack(0x0000700000bd5000,0x0000700000cd5000)]
  0x00007fdfaf2cf000 JavaThread "AWT-EventQueue-0" [_thread_blocked, id=59139, stack(0x0000700001e91000,0x0000700001f91000)]
  0x00007fdfaf291800 JavaThread "Java2D Disposer" daemon [_thread_blocked, id=56335, stack(0x0000700001d0b000,0x0000700001e0b000)]
=>0x00007fdfb0112800 JavaThread "Java2D Queue Flusher" daemon [_thread_in_native, id=47151, stack(0x0000700001c08000,0x0000700001d08000)]
  0x00007fdfaf865000 JavaThread "AWT-Shutdown" [_thread_blocked, id=30495, stack(0x0000700001a82000,0x0000700001b82000)]
  0x00007fdfaf82d800 JavaThread "AppKit Thread" daemon [_thread_in_native, id=2059, stack(0x00007fff5c1ba000,0x00007fff5c9ba000)]
  0x00007fdfb0047800 JavaThread "Service Thread" daemon [_thread_blocked, id=18947, stack(0x000070000187c000,0x000070000197c000)]
  0x00007fdfae808800 JavaThread "C1 CompilerThread2" daemon [_thread_blocked, id=18435, stack(0x0000700001779000,0x0000700001879000)]
  0x00007fdfb0026800 JavaThread "C2 CompilerThread1" daemon [_thread_blocked, id=17923, stack(0x0000700001676000,0x0000700001776000)]
  0x00007fdfaf01e000 JavaThread "C2 CompilerThread0" daemon [_thread_blocked, id=17411, stack(0x0000700001573000,0x0000700001673000)]
  0x00007fdfaf82d000 JavaThread "Signal Dispatcher" daemon [_thread_blocked, id=16899, stack(0x0000700001470000,0x0000700001570000)]
  0x00007fdfaf01c000 JavaThread "Finalizer" daemon [_thread_blocked, id=12547, stack(0x00007000012ea000,0x00007000013ea000)]
  0x00007fdfaf01b800 JavaThread "Reference Handler" daemon [_thread_blocked, id=12035, stack(0x00007000011e7000,0x00007000012e7000)]

Other Threads:
  0x00007fdfaf818800 VMThread [stack: 0x00007000010e4000,0x00007000011e4000] [id=11523]
  0x00007fdfb0027000 WatcherThread [stack: 0x000070000197f000,0x0000700001a7f000] [id=19459]

VM state:not at safepoint (normal execution)

VM Mutex/Monitor currently owned by a thread: None

Heap:
 PSYoungGen      total 18944K, used 2805K [0x00000007aab00000, 0x00000007ac000000, 0x00000007c0000000)
  eden space 16384K, 6% used [0x00000007aab00000,0x00000007aac05628,0x00000007abb00000)
  from space 2560K, 68% used [0x00000007abb00000,0x00000007abcb8020,0x00000007abd80000)
  to   space 2560K, 0% used [0x00000007abd80000,0x00000007abd80000,0x00000007ac000000)
 ParOldGen       total 44032K, used 8K [0x0000000780000000, 0x0000000782b00000, 0x00000007aab00000)
  object space 44032K, 0% used [0x0000000780000000,0x0000000780002000,0x0000000782b00000)
 Metaspace       used 8671K, capacity 8816K, committed 9088K, reserved 1056768K
  class space    used 1027K, capacity 1088K, committed 1152K, reserved 1048576K

Card table byte_map: [0x0000000103c00000,0x0000000103e01000] byte_map_base: 0x0000000100000000

Marking Bits: (ParMarkBitMap*) 0x000000010476a390
 Begin Bits: [0x00000001142ff000, 0x00000001152ff000)
 End Bits:   [0x00000001152ff000, 0x00000001162ff000)

Polling page: 0x0000000103304000

CodeCache: size=245760Kb used=3658Kb max_used=3663Kb free=242101Kb
 bounds [0x0000000104de9000, 0x0000000105189000, 0x0000000113de9000]
 total_blobs=1377 nmethods=923 adapters=369
 compilation: enabled

Compilation events (10 events):
Event: 5188.369 Thread 0x00007fdfae808800 nmethod 918 0x000000010517bb50 code [0x000000010517bd60, 0x000000010517c8f8]
Event: 5189.229 Thread 0x00007fdfae808800  919       1       java.awt.Component::getGraphicsConfiguration_NoClientCode (5 bytes)
Event: 5189.229 Thread 0x00007fdfae808800 nmethod 919 0x0000000105175cd0 code [0x0000000105175e20, 0x0000000105175f30]
Event: 5190.669 Thread 0x00007fdfae808800  920       3       java.nio.charset.CoderResult::isUnderflow (13 bytes)
Event: 5190.669 Thread 0x00007fdfae808800 nmethod 920 0x0000000105175950 code [0x0000000105175ac0, 0x0000000105175c70]
Event: 5190.669 Thread 0x00007fdfb0026800  921       4       sun.java2d.loops.ProcessPath::DrawMonotonicCubic (670 bytes)
Event: 5190.983 Thread 0x00007fdfae808800  922       3       sun.java2d.pipe.Region::isRectangular (13 bytes)
Event: 5190.983 Thread 0x00007fdfae808800 nmethod 922 0x00000001051755d0 code [0x0000000105175740, 0x00000001051758f0]
Event: 5190.984 Thread 0x00007fdfae808800  923   !   3       sun.java2d.opengl.OGLRenderQueue::flushNow (24 bytes)
Event: 5190.985 Thread 0x00007fdfae808800 nmethod 923 0x000000010516e850 code [0x000000010516ea40, 0x000000010516f1a8]

GC Heap History (2 events):
Event: 5190.946 GC heap before
{Heap before GC invocations=1 (full 0):
 PSYoungGen      total 18944K, used 16384K [0x00000007aab00000, 0x00000007ac000000, 0x00000007c0000000)
  eden space 16384K, 100% used [0x00000007aab00000,0x00000007abb00000,0x00000007abb00000)
  from space 2560K, 0% used [0x00000007abd80000,0x00000007abd80000,0x00000007ac000000)
  to   space 2560K, 0% used [0x00000007abb00000,0x00000007abb00000,0x00000007abd80000)
 ParOldGen       total 44032K, used 0K [0x0000000780000000, 0x0000000782b00000, 0x00000007aab00000)
  object space 44032K, 0% used [0x0000000780000000,0x0000000780000000,0x0000000782b00000)
 Metaspace       used 8666K, capacity 8816K, committed 9088K, reserved 1056768K
  class space    used 1027K, capacity 1088K, committed 1152K, reserved 1048576K
Event: 5190.981 GC heap after
Heap after GC invocations=1 (full 0):
 PSYoungGen      total 18944K, used 1760K [0x00000007aab00000, 0x00000007ac000000, 0x00000007c0000000)
  eden space 16384K, 0% used [0x00000007aab00000,0x00000007aab00000,0x00000007abb00000)
  from space 2560K, 68% used [0x00000007abb00000,0x00000007abcb8020,0x00000007abd80000)
  to   space 2560K, 0% used [0x00000007abd80000,0x00000007abd80000,0x00000007ac000000)
 ParOldGen       total 44032K, used 8K [0x0000000780000000, 0x0000000782b00000, 0x00000007aab00000)
  object space 44032K, 0% used [0x0000000780000000,0x0000000780002000,0x0000000782b00000)
 Metaspace       used 8666K, capacity 8816K, committed 9088K, reserved 1056768K
  class space    used 1027K, capacity 1088K, committed 1152K, reserved 1048576K
}

Deoptimization events (10 events):
Event: 5124.465 Thread 0x00007fdfaf82d800 Uncommon trap: reason=null_check action=make_not_entrant pc=0x00000001050868f0 method=java.awt.geom.AffineTransform.equals(Ljava/lang/Object;)Z @ 1
Event: 5124.477 Thread 0x00007fdfaf2cf000 Uncommon trap: reason=unreached action=reinterpret pc=0x00000001050bf6e0 method=java.awt.EventQueue.coalesceEvent(Ljava/awt/AWTEvent;I)Z @ 56
Event: 5124.478 Thread 0x00007fdfaf2cf000 Uncommon trap: reason=unreached action=reinterpret pc=0x0000000105092798 method=sun.java2d.SunGraphics2D.setColor(Ljava/awt/Color;)V @ 9
Event: 5124.478 Thread 0x00007fdfaf2cf000 Uncommon trap: reason=unreached action=reinterpret pc=0x0000000105096c0c method=sun.java2d.pipe.BufferedContext.validate(Lsun/java2d/pipe/hw/AccelSurface;Lsun/java2d/pipe/hw/AccelSurface;Lsun/java2d/pipe/Region;Ljava/awt/Composite;Ljava/awt/geom/AffineTra
Event: 5124.478 Thread 0x00007fdfaf2cf000 Uncommon trap: reason=class_check action=maybe_recompile pc=0x000000010508ddfc method=sun.java2d.opengl.OGLRenderer.validateContext(Lsun/java2d/SunGraphics2D;)V @ 4
Event: 5124.478 Thread 0x00007fdfaf2cf000 Uncommon trap: reason=speculate_class_check action=maybe_recompile pc=0x000000010508da48 method=java.awt.Color.getAlpha()I @ 1
Event: 5124.478 Thread 0x00007fdfaf2cf000 Uncommon trap: reason=class_check action=maybe_recompile pc=0x000000010508ddfc method=sun.java2d.opengl.OGLRenderer.validateContext(Lsun/java2d/SunGraphics2D;)V @ 4
Event: 5124.478 Thread 0x00007fdfaf2cf000 Uncommon trap: reason=speculate_class_check action=maybe_recompile pc=0x000000010508da48 method=java.awt.Color.getAlpha()I @ 1
Event: 5124.718 Thread 0x00007fdfaf82d800 Uncommon trap: reason=class_check action=maybe_recompile pc=0x000000010508ddfc method=sun.java2d.opengl.OGLRenderer.validateContext(Lsun/java2d/SunGraphics2D;)V @ 4
Event: 5124.718 Thread 0x00007fdfaf82d800 Uncommon trap: reason=speculate_class_check action=maybe_recompile pc=0x000000010508da48 method=java.awt.Color.getAlpha()I @ 1

Internal exceptions (10 events):
Event: 0.397 Thread 0x00007fdfaf007000 Exception <a 'java/lang/NoSuchFieldError': method resolution failed> (0x00000007aadae318) thrown at [/HUDSON3/workspace/8-2-build-macosx-x86_64/jdk8u25/1514/hotspot/src/share/vm/prims/methodHandles.cpp, line 1159]
Event: 0.489 Thread 0x00007fdfaf007000 Exception <a 'java/security/PrivilegedActionException'> (0x00000007aae2cd30) thrown at [/HUDSON3/workspace/8-2-build-macosx-x86_64/jdk8u25/1514/hotspot/src/share/vm/prims/jvm.cpp, line 1312]
Event: 0.490 Thread 0x00007fdfaf007000 Exception <a 'java/security/PrivilegedActionException'> (0x00000007aae2e0a0) thrown at [/HUDSON3/workspace/8-2-build-macosx-x86_64/jdk8u25/1514/hotspot/src/share/vm/prims/jvm.cpp, line 1312]
Event: 0.490 Thread 0x00007fdfaf007000 Exception <a 'java/security/PrivilegedActionException'> (0x00000007aae31c48) thrown at [/HUDSON3/workspace/8-2-build-macosx-x86_64/jdk8u25/1514/hotspot/src/share/vm/prims/jvm.cpp, line 1312]
Event: 0.490 Thread 0x00007fdfaf007000 Exception <a 'java/security/PrivilegedActionException'> (0x00000007aae32e58) thrown at [/HUDSON3/workspace/8-2-build-macosx-x86_64/jdk8u25/1514/hotspot/src/share/vm/prims/jvm.cpp, line 1312]
Event: 0.491 Thread 0x00007fdfaf007000 Exception <a 'java/security/PrivilegedActionException'> (0x00000007aae90b18) thrown at [/HUDSON3/workspace/8-2-build-macosx-x86_64/jdk8u25/1514/hotspot/src/share/vm/prims/jvm.cpp, line 1312]
Event: 0.492 Thread 0x00007fdfaf007000 Exception <a 'java/security/PrivilegedActionException'> (0x00000007aae91e98) thrown at [/HUDSON3/workspace/8-2-build-macosx-x86_64/jdk8u25/1514/hotspot/src/share/vm/prims/jvm.cpp, line 1312]
Event: 0.513 Thread 0x00007fdfaf007000 Exception <a 'java/security/PrivilegedActionException'> (0x00000007aaebfb48) thrown at [/HUDSON3/workspace/8-2-build-macosx-x86_64/jdk8u25/1514/hotspot/src/share/vm/prims/jvm.cpp, line 1312]
Event: 5124.465 Thread 0x00007fdfaf82d800 Implicit null exception at 0x000000010508684c to 0x00000001050868e1
Event: 5190.983 Thread 0x00007fdfaf01c000 Exception <a 'java/lang/NullPointerException'> (0x00000007aabdc6b0) thrown at [/HUDSON3/workspace/8-2-build-macosx-x86_64/jdk8u25/1514/hotspot/src/share/vm/interpreter/linkResolver.cpp, line 1178]

Events (10 events):
Event: 5168.897 loading class sun/lwawt/macosx/CPlatformWindow$13
Event: 5168.913 loading class sun/lwawt/macosx/CPlatformWindow$13 done
Event: 5185.812 loading class sun/awt/EventQueueDelegate$Delegate
Event: 5185.812 loading class sun/awt/EventQueueDelegate$Delegate done
Event: 5187.521 Thread 0x00007fdfaf2cf000 DEOPT PACKING pc=0x00000001050e988a sp=0x0000700001f8e160
Event: 5187.521 Thread 0x00007fdfaf2cf000 DEOPT UNPACKING pc=0x0000000104e30373 sp=0x0000700001f8de98 mode 0
Event: 5190.670 Executing VM operation: ParallelGCFailedAllocation
Event: 5190.982 Executing VM operation: ParallelGCFailedAllocation done
Event: 5190.982 loading class sun/misc/Cleaner
Event: 5190.982 loading class sun/misc/Cleaner done


Dynamic libraries:
0x0000000039dd8000 	/System/Library/Frameworks/Cocoa.framework/Versions/A/Cocoa
0x0000000039dd8000 	/System/Library/Frameworks/Security.framework/Versions/A/Security
0x0000000039dd8000 	/System/Library/Frameworks/ApplicationServices.framework/Versions/A/ApplicationServices
0x0000000039dd8000 	/usr/lib/libz.1.dylib
0x0000000039dd8000 	/usr/lib/libSystem.B.dylib
0x0000000039dd8000 	/usr/lib/libobjc.A.dylib
0x0000000039dd8000 	/System/Library/Frameworks/CoreFoundation.framework/Versions/A/CoreFoundation
0x0000000039dd8000 	/System/Library/Frameworks/Foundation.framework/Versions/C/Foundation
0x0000000039dd8000 	/System/Library/Frameworks/AppKit.framework/Versions/C/AppKit
0x0000000039dd8000 	/System/Library/Frameworks/CoreData.framework/Versions/A/CoreData
0x0000000039dd8000 	/System/Library/PrivateFrameworks/RemoteViewServices.framework/Versions/A/RemoteViewServices
0x0000000039dd8000 	/System/Library/PrivateFrameworks/UIFoundation.framework/Versions/A/UIFoundation
0x0000000039dd8000 	/usr/lib/libenergytrace.dylib
0x0000000039dd8000 	/System/Library/PrivateFrameworks/SkyLight.framework/Versions/A/SkyLight
0x0000000039dd8000 	/System/Library/Frameworks/CoreGraphics.framework/Versions/A/CoreGraphics
0x0000000039dd8000 	/usr/lib/libScreenReader.dylib
0x0000000039dd8000 	/System/Library/Frameworks/Accelerate.framework/Versions/A/Accelerate
0x0000000039dd8000 	/System/Library/Frameworks/IOSurface.framework/Versions/A/IOSurface
0x0000000039dd8000 	/System/Library/Frameworks/AudioToolbox.framework/Versions/A/AudioToolbox
0x0000000039dd8000 	/System/Library/Frameworks/AudioUnit.framework/Versions/A/AudioUnit
0x0000000039dd8000 	/System/Library/PrivateFrameworks/DataDetectorsCore.framework/Versions/A/DataDetectorsCore
0x0000000039dd8000 	/System/Library/PrivateFrameworks/DesktopServicesPriv.framework/Versions/A/DesktopServicesPriv
0x0000000039dd8000 	/System/Library/Frameworks/Carbon.framework/Versions/A/Frameworks/HIToolbox.framework/Versions/A/HIToolbox
0x0000000039dd8000 	/usr/lib/libicucore.A.dylib
0x0000000039dd8000 	/System/Library/Frameworks/QuartzCore.framework/Versions/A/QuartzCore
0x0000000039dd8000 	/System/Library/Frameworks/Carbon.framework/Versions/A/Frameworks/SpeechRecognition.framework/Versions/A/SpeechRecognition
0x0000000039dd8000 	/usr/lib/libauto.dylib
0x0000000039dd8000 	/usr/lib/libxml2.2.dylib
0x0000000039dd8000 	/System/Library/PrivateFrameworks/CoreUI.framework/Versions/A/CoreUI
0x0000000039dd8000 	/System/Library/Frameworks/CoreAudio.framework/Versions/A/CoreAudio
0x0000000039dd8000 	/System/Library/Frameworks/DiskArbitration.framework/Versions/A/DiskArbitration
0x0000000039dd8000 	/usr/lib/liblangid.dylib
0x0000000039dd8000 	/System/Library/PrivateFrameworks/MultitouchSupport.framework/Versions/A/MultitouchSupport
0x0000000039dd8000 	/System/Library/Frameworks/IOKit.framework/Versions/A/IOKit
0x0000000039dd8000 	/usr/lib/libDiagnosticMessagesClient.dylib
0x0000000039dd8000 	/System/Library/Frameworks/CoreServices.framework/Versions/A/CoreServices
0x0000000039dd8000 	/System/Library/PrivateFrameworks/PerformanceAnalysis.framework/Versions/A/PerformanceAnalysis
0x0000000039dd8000 	/System/Library/PrivateFrameworks/GenerationalStorage.framework/Versions/A/GenerationalStorage
0x0000000039dd8000 	/System/Library/Frameworks/OpenGL.framework/Versions/A/OpenGL
0x0000000039dd8000 	/System/Library/Frameworks/CoreImage.framework/Versions/A/CoreImage
0x0000000039dd8000 	/System/Library/Frameworks/CoreText.framework/Versions/A/CoreText
0x0000000039dd8000 	/System/Library/Frameworks/ImageIO.framework/Versions/A/ImageIO
0x0000000039dd8000 	/System/Library/PrivateFrameworks/Backup.framework/Versions/A/Backup
0x0000000039dd8000 	/usr/lib/libarchive.2.dylib
0x0000000039dd8000 	/System/Library/Frameworks/CFNetwork.framework/Versions/A/CFNetwork
0x0000000039dd8000 	/System/Library/Frameworks/SystemConfiguration.framework/Versions/A/SystemConfiguration
0x0000000039dd8000 	/usr/lib/libCRFSuite.dylib
0x0000000039dd8000 	/usr/lib/libc++.1.dylib
0x0000000039dd8000 	/usr/lib/libc++abi.dylib
0x0000000039dd8000 	/usr/lib/system/libcache.dylib
0x0000000039dd8000 	/usr/lib/system/libcommonCrypto.dylib
0x0000000039dd8000 	/usr/lib/system/libcompiler_rt.dylib
0x0000000039dd8000 	/usr/lib/system/libcopyfile.dylib
0x0000000039dd8000 	/usr/lib/system/libcorecrypto.dylib
0x0000000039dd8000 	/usr/lib/system/libdispatch.dylib
0x0000000039dd8000 	/usr/lib/system/libdyld.dylib
0x0000000039dd8000 	/usr/lib/system/libkeymgr.dylib
0x0000000039dd8000 	/usr/lib/system/liblaunch.dylib
0x0000000039dd8000 	/usr/lib/system/libmacho.dylib
0x0000000039dd8000 	/usr/lib/system/libquarantine.dylib
0x0000000039dd8000 	/usr/lib/system/libremovefile.dylib
0x0000000039dd8000 	/usr/lib/system/libsystem_asl.dylib
0x0000000039dd8000 	/usr/lib/system/libsystem_blocks.dylib
0x0000000039dd8000 	/usr/lib/system/libsystem_c.dylib
0x0000000039dd8000 	/usr/lib/system/libsystem_configuration.dylib
0x0000000039dd8000 	/usr/lib/system/libsystem_coreservices.dylib
0x0000000039dd8000 	/usr/lib/system/libsystem_coretls.dylib
0x0000000039dd8000 	/usr/lib/system/libsystem_dnssd.dylib
0x0000000039dd8000 	/usr/lib/system/libsystem_info.dylib
0x0000000039dd8000 	/usr/lib/system/libsystem_kernel.dylib
0x0000000039dd8000 	/usr/lib/system/libsystem_m.dylib
0x0000000039dd8000 	/usr/lib/system/libsystem_malloc.dylib
0x0000000039dd8000 	/usr/lib/system/libsystem_network.dylib
0x0000000039dd8000 	/usr/lib/system/libsystem_networkextension.dylib
0x0000000039dd8000 	/usr/lib/system/libsystem_notify.dylib
0x0000000039dd8000 	/usr/lib/system/libsystem_platform.dylib
0x0000000039dd8000 	/usr/lib/system/libsystem_pthread.dylib
0x0000000039dd8000 	/usr/lib/system/libsystem_sandbox.dylib
0x0000000039dd8000 	/usr/lib/system/libsystem_secinit.dylib
0x0000000039dd8000 	/usr/lib/system/libsystem_symptoms.dylib
0x0000000039dd8000 	/usr/lib/system/libsystem_trace.dylib
0x0000000039dd8000 	/usr/lib/system/libunwind.dylib
0x0000000039dd8000 	/usr/lib/system/libxpc.dylib
0x0000000039dd8000 	/usr/lib/libbsm.0.dylib
0x0000000039dd8000 	/usr/lib/system/libkxld.dylib
0x0000000039dd8000 	/usr/lib/libcoretls.dylib
0x0000000039dd8000 	/usr/lib/libcoretls_cfhelpers.dylib
0x0000000039dd8000 	/usr/lib/libxar.1.dylib
0x0000000039dd8000 	/usr/lib/libsqlite3.dylib
0x0000000039dd8000 	/usr/lib/libpam.2.dylib
0x0000000039dd8000 	/usr/lib/libOpenScriptingUtil.dylib
0x0000000039dd8000 	/usr/lib/libbz2.1.0.dylib
0x0000000039dd8000 	/usr/lib/liblzma.5.dylib
0x0000000039dd8000 	/usr/lib/libnetwork.dylib
0x0000000039dd8000 	/usr/lib/libpcap.A.dylib
0x0000000039dd8000 	/System/Library/Frameworks/CoreServices.framework/Versions/A/Frameworks/FSEvents.framework/Versions/A/FSEvents
0x0000000039dd8000 	/System/Library/Frameworks/CoreServices.framework/Versions/A/Frameworks/CarbonCore.framework/Versions/A/CarbonCore
0x0000000039dd8000 	/System/Library/Frameworks/CoreServices.framework/Versions/A/Frameworks/Metadata.framework/Versions/A/Metadata
0x0000000039dd8000 	/System/Library/Frameworks/CoreServices.framework/Versions/A/Frameworks/OSServices.framework/Versions/A/OSServices
0x0000000039dd8000 	/System/Library/Frameworks/CoreServices.framework/Versions/A/Frameworks/SearchKit.framework/Versions/A/SearchKit
0x0000000039dd8000 	/System/Library/Frameworks/CoreServices.framework/Versions/A/Frameworks/AE.framework/Versions/A/AE
0x0000000039dd8000 	/System/Library/Frameworks/CoreServices.framework/Versions/A/Frameworks/LaunchServices.framework/Versions/A/LaunchServices
0x0000000039dd8000 	/System/Library/Frameworks/CoreServices.framework/Versions/A/Frameworks/DictionaryServices.framework/Versions/A/DictionaryServices
0x0000000039dd8000 	/System/Library/Frameworks/CoreServices.framework/Versions/A/Frameworks/SharedFileList.framework/Versions/A/SharedFileList
0x0000000039dd8000 	/System/Library/Frameworks/NetFS.framework/Versions/A/NetFS
0x0000000039dd8000 	/System/Library/PrivateFrameworks/NetAuth.framework/Versions/A/NetAuth
0x0000000039dd8000 	/System/Library/PrivateFrameworks/login.framework/Versions/A/Frameworks/loginsupport.framework/Versions/A/loginsupport
0x0000000039dd8000 	/System/Library/PrivateFrameworks/TCC.framework/Versions/A/TCC
0x0000000039dd8000 	/usr/lib/libmecabra.dylib
0x0000000039dd8000 	/System/Library/Frameworks/ApplicationServices.framework/Versions/A/Frameworks/ATS.framework/Versions/A/ATS
0x0000000039dd8000 	/System/Library/Frameworks/ApplicationServices.framework/Versions/A/Frameworks/ColorSync.framework/Versions/A/ColorSync
0x0000000039dd8000 	/System/Library/Frameworks/ApplicationServices.framework/Versions/A/Frameworks/HIServices.framework/Versions/A/HIServices
0x0000000039dd8000 	/System/Library/Frameworks/ApplicationServices.framework/Versions/A/Frameworks/LangAnalysis.framework/Versions/A/LangAnalysis
0x0000000039dd8000 	/System/Library/Frameworks/ApplicationServices.framework/Versions/A/Frameworks/PrintCore.framework/Versions/A/PrintCore
0x0000000039dd8000 	/System/Library/Frameworks/ApplicationServices.framework/Versions/A/Frameworks/QD.framework/Versions/A/QD
0x0000000039dd8000 	/System/Library/Frameworks/ApplicationServices.framework/Versions/A/Frameworks/SpeechSynthesis.framework/Versions/A/SpeechSynthesis
0x0000000039dd8000 	/System/Library/Frameworks/Accelerate.framework/Versions/A/Frameworks/vImage.framework/Versions/A/vImage
0x0000000039dd8000 	/System/Library/Frameworks/Accelerate.framework/Versions/A/Frameworks/vecLib.framework/Versions/A/vecLib
0x0000000039dd8000 	/System/Library/Frameworks/Accelerate.framework/Versions/A/Frameworks/vecLib.framework/Versions/A/libvDSP.dylib
0x0000000039dd8000 	/System/Library/Frameworks/Accelerate.framework/Versions/A/Frameworks/vecLib.framework/Versions/A/libBNNS.dylib
0x0000000039dd8000 	/System/Library/Frameworks/Accelerate.framework/Versions/A/Frameworks/vecLib.framework/Versions/A/libQuadrature.dylib
0x0000000039dd8000 	/System/Library/Frameworks/Accelerate.framework/Versions/A/Frameworks/vecLib.framework/Versions/A/libvMisc.dylib
0x0000000039dd8000 	/System/Library/Frameworks/Accelerate.framework/Versions/A/Frameworks/vecLib.framework/Versions/A/libLAPACK.dylib
0x0000000039dd8000 	/System/Library/Frameworks/Accelerate.framework/Versions/A/Frameworks/vecLib.framework/Versions/A/libBLAS.dylib
0x0000000039dd8000 	/System/Library/Frameworks/Accelerate.framework/Versions/A/Frameworks/vecLib.framework/Versions/A/libLinearAlgebra.dylib
0x0000000039dd8000 	/System/Library/Frameworks/Accelerate.framework/Versions/A/Frameworks/vecLib.framework/Versions/A/libSparseBLAS.dylib
0x0000000039dd8000 	/System/Library/Frameworks/ApplicationServices.framework/Versions/A/Frameworks/ATS.framework/Versions/A/Resources/libFontParser.dylib
0x0000000039dd8000 	/System/Library/Frameworks/ApplicationServices.framework/Versions/A/Frameworks/ATS.framework/Versions/A/Resources/libFontRegistry.dylib
0x0000000039dd8000 	/System/Library/Frameworks/ImageIO.framework/Versions/A/Resources/libJPEG.dylib
0x0000000039dd8000 	/System/Library/Frameworks/ImageIO.framework/Versions/A/Resources/libTIFF.dylib
0x0000000039dd8000 	/System/Library/Frameworks/ImageIO.framework/Versions/A/Resources/libPng.dylib
0x0000000039dd8000 	/System/Library/Frameworks/ImageIO.framework/Versions/A/Resources/libGIF.dylib
0x0000000039dd8000 	/System/Library/Frameworks/ImageIO.framework/Versions/A/Resources/libJP2.dylib
0x0000000039dd8000 	/System/Library/Frameworks/ImageIO.framework/Versions/A/Resources/libRadiance.dylib
0x0000000039dd8000 	/usr/lib/libcompression.dylib
0x0000000039dd8000 	/System/Library/PrivateFrameworks/AppleJPEG.framework/Versions/A/AppleJPEG
0x0000000039dd8000 	/usr/lib/libcups.2.dylib
0x0000000039dd8000 	/System/Library/Frameworks/Kerberos.framework/Versions/A/Kerberos
0x0000000039dd8000 	/System/Library/Frameworks/GSS.framework/Versions/A/GSS
0x0000000039dd8000 	/usr/lib/libresolv.9.dylib
0x0000000039dd8000 	/usr/lib/libiconv.2.dylib
0x0000000039dd8000 	/System/Library/PrivateFrameworks/Heimdal.framework/Versions/A/Heimdal
0x0000000039dd8000 	/usr/lib/libheimdal-asn1.dylib
0x0000000039dd8000 	/System/Library/Frameworks/OpenDirectory.framework/Versions/A/OpenDirectory
0x0000000039dd8000 	/System/Library/PrivateFrameworks/CommonAuth.framework/Versions/A/CommonAuth
0x0000000039dd8000 	/System/Library/Frameworks/OpenDirectory.framework/Versions/A/Frameworks/CFOpenDirectory.framework/Versions/A/CFOpenDirectory
0x0000000039dd8000 	/System/Library/Frameworks/SecurityFoundation.framework/Versions/A/SecurityFoundation
0x0000000039dd8000 	/System/Library/PrivateFrameworks/LanguageModeling.framework/Versions/A/LanguageModeling
0x0000000039dd8000 	/usr/lib/libmarisa.dylib
0x0000000039dd8000 	/usr/lib/libChineseTokenizer.dylib
0x0000000039dd8000 	/usr/lib/libcmph.dylib
0x0000000039dd8000 	/System/Library/PrivateFrameworks/CoreEmoji.framework/Versions/A/CoreEmoji
0x0000000039dd8000 	/System/Library/Frameworks/ServiceManagement.framework/Versions/A/ServiceManagement
0x0000000039dd8000 	/usr/lib/libxslt.1.dylib
0x0000000039dd8000 	/System/Library/Frameworks/Carbon.framework/Versions/A/Frameworks/Ink.framework/Versions/A/Ink
0x0000000039dd8000 	/System/Library/PrivateFrameworks/TextureIO.framework/Versions/A/TextureIO
0x0000000039dd8000 	/System/Library/Frameworks/Metal.framework/Versions/A/Metal
0x0000000039dd8000 	/usr/lib/libate.dylib
0x0000000039dd8000 	/System/Library/PrivateFrameworks/GPUCompiler.framework/libmetal_timestamp.dylib
0x0000000039dd8000 	/System/Library/Frameworks/OpenGL.framework/Versions/A/Libraries/libCoreFSCache.dylib
0x0000000039dd8000 	/System/Library/PrivateFrameworks/IOAccelerator.framework/Versions/A/IOAccelerator
0x0000000039dd8000 	/System/Library/Frameworks/CoreVideo.framework/Versions/A/CoreVideo
0x0000000039dd8000 	/usr/lib/libFosl_dynamic.dylib
0x0000000039dd8000 	/System/Library/PrivateFrameworks/MetalPerformanceShaders.framework/Versions/A/MetalPerformanceShaders
0x0000000039dd8000 	/System/Library/PrivateFrameworks/FaceCore.framework/Versions/A/FaceCore
0x0000000039dd8000 	/System/Library/Frameworks/OpenCL.framework/Versions/A/OpenCL
0x0000000039dd8000 	/System/Library/Frameworks/OpenGL.framework/Versions/A/Libraries/libGLU.dylib
0x0000000039dd8000 	/System/Library/Frameworks/OpenGL.framework/Versions/A/Libraries/libGFXShared.dylib
0x0000000039dd8000 	/System/Library/Frameworks/OpenGL.framework/Versions/A/Libraries/libGL.dylib
0x0000000039dd8000 	/System/Library/Frameworks/OpenGL.framework/Versions/A/Libraries/libGLImage.dylib
0x0000000039dd8000 	/System/Library/Frameworks/OpenGL.framework/Versions/A/Libraries/libCVMSPluginSupport.dylib
0x0000000039dd8000 	/System/Library/Frameworks/OpenGL.framework/Versions/A/Libraries/libCoreVMClient.dylib
0x0000000039dd8000 	/System/Library/PrivateFrameworks/CrashReporterSupport.framework/Versions/A/CrashReporterSupport
0x0000000039dd8000 	/System/Library/PrivateFrameworks/Sharing.framework/Versions/A/Sharing
0x0000000039dd8000 	/System/Library/PrivateFrameworks/IconServices.framework/Versions/A/IconServices
0x0000000039dd8000 	/System/Library/PrivateFrameworks/ProtocolBuffer.framework/Versions/A/ProtocolBuffer
0x0000000039dd8000 	/System/Library/PrivateFrameworks/Apple80211.framework/Versions/A/Apple80211
0x0000000039dd8000 	/System/Library/Frameworks/CoreWLAN.framework/Versions/A/CoreWLAN
0x0000000039dd8000 	/System/Library/PrivateFrameworks/CoreUtils.framework/Versions/A/CoreUtils
0x0000000039dd8000 	/System/Library/Frameworks/IOBluetooth.framework/Versions/A/IOBluetooth
0x0000000039dd8000 	/System/Library/PrivateFrameworks/CoreWiFi.framework/Versions/A/CoreWiFi
0x0000000039dd8000 	/System/Library/Frameworks/CoreBluetooth.framework/Versions/A/CoreBluetooth
0x0000000039dd8000 	/System/Library/Frameworks/CoreDisplay.framework/Versions/A/CoreDisplay
0x0000000039dd8000 	/System/Library/PrivateFrameworks/IOPresentment.framework/Versions/A/IOPresentment
0x0000000039dd8000 	/System/Library/PrivateFrameworks/DebugSymbols.framework/Versions/A/DebugSymbols
0x0000000039dd8000 	/System/Library/PrivateFrameworks/CoreSymbolication.framework/Versions/A/CoreSymbolication
0x0000000039dd8000 	/System/Library/PrivateFrameworks/Symbolication.framework/Versions/A/Symbolication
0x0000000039dd8000 	/System/Library/PrivateFrameworks/AppleFSCompression.framework/Versions/A/AppleFSCompression
0x0000000039dd8000 	/System/Library/PrivateFrameworks/SpeechRecognitionCore.framework/Versions/A/SpeechRecognitionCore
0x0000000039dd8000 	/System/Library/PrivateFrameworks/ChunkingLibrary.framework/Versions/A/ChunkingLibrary
0x0000000103ecd000 	/Library/Java/JavaVirtualMachines/jdk1.8.0_25.jdk/Contents/Home/jre/lib/server/libjvm.dylib
0x0000000039dd8000 	/usr/lib/libstdc++.6.dylib
0x00000001032c2000 	/Library/Java/JavaVirtualMachines/jdk1.8.0_25.jdk/Contents/Home/jre/lib/libverify.dylib
0x00000001032d0000 	/Library/Java/JavaVirtualMachines/jdk1.8.0_25.jdk/Contents/Home/jre/lib/libjava.dylib
0x000000010330e000 	/Library/Java/JavaVirtualMachines/jdk1.8.0_25.jdk/Contents/Home/jre/lib/libzip.dylib
0x0000000117eb6000 	/System/Library/Frameworks/JavaVM.framework/Frameworks/JavaRuntimeSupport.framework/JavaRuntimeSupport
0x0000000117ed0000 	/System/Library/Frameworks/JavaVM.framework/Versions/A/Frameworks/JavaNativeFoundation.framework/Versions/A/JavaNativeFoundation
0x0000000117ee5000 	/System/Library/Frameworks/JavaVM.framework/Versions/A/JavaVM
0x0000000039dd8000 	/System/Library/Frameworks/Carbon.framework/Versions/A/Carbon
0x0000000117ef2000 	/System/Library/PrivateFrameworks/JavaLaunching.framework/Versions/A/JavaLaunching
0x0000000039dd8000 	/System/Library/Frameworks/Carbon.framework/Versions/A/Frameworks/CommonPanels.framework/Versions/A/CommonPanels
0x0000000039dd8000 	/System/Library/Frameworks/Carbon.framework/Versions/A/Frameworks/Help.framework/Versions/A/Help
0x0000000039dd8000 	/System/Library/Frameworks/Carbon.framework/Versions/A/Frameworks/ImageCapture.framework/Versions/A/ImageCapture
0x0000000039dd8000 	/System/Library/Frameworks/Carbon.framework/Versions/A/Frameworks/OpenScripting.framework/Versions/A/OpenScripting
0x0000000039dd8000 	/System/Library/Frameworks/Carbon.framework/Versions/A/Frameworks/Print.framework/Versions/A/Print
0x0000000039dd8000 	/System/Library/Frameworks/Carbon.framework/Versions/A/Frameworks/SecurityHI.framework/Versions/A/SecurityHI
0x0000000119837000 	/Library/Java/JavaVirtualMachines/jdk1.8.0_25.jdk/Contents/Home/jre/lib/libawt.dylib
0x00000001198e6000 	/Library/Java/JavaVirtualMachines/jdk1.8.0_25.jdk/Contents/Home/jre/lib/./libmlib_image.dylib
0x00000001199b2000 	/Library/Java/JavaVirtualMachines/jdk1.8.0_25.jdk/Contents/Home/jre/lib/libawt_lwawt.dylib
0x0000000119a65000 	/Library/Java/JavaVirtualMachines/jdk1.8.0_25.jdk/Contents/Home/jre/lib/./libosxapp.dylib
0x0000000039dd8000 	/System/Library/Frameworks/ExceptionHandling.framework/Versions/A/ExceptionHandling
0x0000000039dd8000 	/System/Library/PrivateFrameworks/CoreServicesInternal.framework/Versions/A/CoreServicesInternal
0x0000000039dd8000 	/System/Library/CoreServices/RawCamera.bundle/Contents/MacOS/RawCamera
0x0000000039dd8000 	/System/Library/Frameworks/Accelerate.framework/Versions/A/Frameworks/vImage.framework/Versions/A/Libraries/libCGInterfaces.dylib
0x0000000039dd8000 	/System/Library/Frameworks/ApplicationServices.framework/Versions/A/Frameworks/ATS.framework/Versions/A/Resources/libTrueTypeScaler.dylib
0x0000000039dd8000 	/System/Library/Frameworks/OpenGL.framework/Versions/A/Resources/GLEngine.bundle/GLEngine
0x0000000039dd8000 	/System/Library/Frameworks/OpenGL.framework/Versions/A/Libraries/libGLProgrammability.dylib
0x000000011b45d000 	/System/Library/Extensions/AppleIntelHD4000GraphicsGLDriver.bundle/Contents/MacOS/AppleIntelHD4000GraphicsGLDriver
0x0000000039dd8000 	/System/Library/PrivateFrameworks/GPUSupport.framework/Versions/A/Libraries/libGPUSupportMercury.dylib
0x0000000039dd8000 	/System/Library/Frameworks/OpenGL.framework/Versions/A/Resources/GLRendererFloat.bundle/GLRendererFloat
0x0000000039dd8000 	/System/Library/Frameworks/OpenCL.framework/Versions/A/Libraries/libcldcpuengine.dylib
0x0000000039dd8000 	/usr/lib/libcrypto.0.9.8.dylib
0x0000000039dd8000 	/System/Library/PrivateFrameworks/TrustEvaluationAgent.framework/Versions/A/TrustEvaluationAgent
0x000000011bb1f000 	/System/Library/Extensions/AppleIntelHD4000GraphicsMTLDriver.bundle/Contents/MacOS/AppleIntelHD4000GraphicsMTLDriver
0x0000000039dd8000 	/System/Library/PrivateFrameworks/FamilyControls.framework/Versions/A/FamilyControls
0x0000000039dd8000 	/System/Library/PrivateFrameworks/CommerceKit.framework/Versions/A/Frameworks/CommerceCore.framework/Versions/A/CommerceCore
0x0000000039dd8000 	/System/Library/PrivateFrameworks/SystemAdministration.framework/Versions/A/SystemAdministration
0x0000000039dd8000 	/System/Library/PrivateFrameworks/AppContainer.framework/Versions/A/AppContainer
0x0000000039dd8000 	/System/Library/PrivateFrameworks/SecCodeWrapper.framework/Versions/A/SecCodeWrapper
0x0000000039dd8000 	/System/Library/Frameworks/DirectoryService.framework/Versions/A/DirectoryService
0x0000000039dd8000 	/System/Library/PrivateFrameworks/DiskImages.framework/Versions/A/DiskImages
0x0000000039dd8000 	/System/Library/PrivateFrameworks/LoginUIKit.framework/Versions/A/Frameworks/LoginUICore.framework/Versions/A/LoginUICore
0x0000000039dd8000 	/usr/lib/libCoreStorage.dylib
0x0000000039dd8000 	/usr/lib/libcsfde.dylib
0x0000000039dd8000 	/usr/lib/libodfde.dylib
0x0000000039dd8000 	/System/Library/Frameworks/DiscRecording.framework/Versions/A/DiscRecording
0x0000000039dd8000 	/usr/lib/libcurl.4.dylib
0x0000000039dd8000 	/System/Library/PrivateFrameworks/MediaKit.framework/Versions/A/MediaKit
0x0000000039dd8000 	/System/Library/PrivateFrameworks/ProtectedCloudStorage.framework/Versions/A/ProtectedCloudStorage
0x0000000039dd8000 	/System/Library/PrivateFrameworks/EFILogin.framework/Versions/A/EFILogin
0x0000000039dd8000 	/usr/lib/libutil.dylib
0x0000000039dd8000 	/System/Library/Frameworks/LDAP.framework/Versions/A/LDAP
0x0000000039dd8000 	/usr/lib/libsasl2.2.dylib
0x0000000039dd8000 	/System/Library/PrivateFrameworks/CoreDaemon.framework/Versions/B/CoreDaemon
0x0000000039dd8000 	/System/Library/PrivateFrameworks/AppleSRP.framework/Versions/A/AppleSRP
0x0000000039dd8000 	/System/Library/PrivateFrameworks/APFS.framework/Versions/A/APFS
0x000000011d6b2000 	/Library/Java/JavaVirtualMachines/jdk1.8.0_25.jdk/Contents/Home/jre/lib/libfontmanager.dylib
0x000000011bcab000 	/Library/Java/JavaVirtualMachines/jdk1.8.0_25.jdk/Contents/Home/jre/lib/libosxui.dylib
0x0000000039dd8000 	/System/Library/PrivateFrameworks/ViewBridge.framework/Versions/A/ViewBridge
0x0000000039dd8000 	/System/Library/PrivateFrameworks/XPCService.framework/Versions/A/XPCService
0x0000000039dd8000 	/System/Library/PrivateFrameworks/AppSandbox.framework/Versions/A/AppSandbox
0x0000000039dd8000 	/usr/lib/libsandbox.1.dylib
0x0000000039dd8000 	/usr/lib/libMatch.1.dylib

VM Arguments:
jvm_args: -Dfile.encoding=UTF-8 
java_command: pentPac2017.PenteMain
java_class_path (initial): /Users/christopherroche/Documents/workspace/PenteProject2017/bin
Launcher Type: SUN_STANDARD

Environment Variables:
PATH=/usr/bin:/bin:/usr/sbin:/sbin
SHELL=/bin/bash

Signal Handlers:
SIGSEGV: [libjvm.dylib+0x579dc7], sa_mask[0]=11111111011111110111111111111111, sa_flags=SA_ONSTACK|SA_RESTART|SA_SIGINFO
SIGBUS: [libjvm.dylib+0x579dc7], sa_mask[0]=11111111011111110111111111111111, sa_flags=SA_RESTART|SA_SIGINFO
SIGFPE: [libjvm.dylib+0x45b030], sa_mask[0]=11111111011111110111111111111111, sa_flags=SA_RESTART|SA_SIGINFO
SIGPIPE: [libjvm.dylib+0x45b030], sa_mask[0]=11111111011111110111111111111111, sa_flags=SA_RESTART|SA_SIGINFO
SIGXFSZ: [libjvm.dylib+0x45b030], sa_mask[0]=11111111011111110111111111111111, sa_flags=SA_RESTART|SA_SIGINFO
SIGILL: [libjvm.dylib+0x45b030], sa_mask[0]=11111111011111110111111111111111, sa_flags=SA_RESTART|SA_SIGINFO
SIGUSR1: SIG_DFL, sa_mask[0]=00000000000000000000000000000000, sa_flags=none
SIGUSR2: [libjvm.dylib+0x45ab4e], sa_mask[0]=00100000000000000000000000000000, sa_flags=SA_RESTART|SA_SIGINFO
SIGHUP: [libjvm.dylib+0x459121], sa_mask[0]=11111111011111110111111111111111, sa_flags=SA_RESTART|SA_SIGINFO
SIGINT: [libjvm.dylib+0x459121], sa_mask[0]=11111111011111110111111111111111, sa_flags=SA_RESTART|SA_SIGINFO
SIGTERM: [libjvm.dylib+0x459121], sa_mask[0]=11111111011111110111111111111111, sa_flags=SA_RESTART|SA_SIGINFO
SIGQUIT: [libjvm.dylib+0x459121], sa_mask[0]=11111111011111110111111111111111, sa_flags=SA_RESTART|SA_SIGINFO


---------------  S Y S T E M  ---------------

OS:Bsduname:Darwin 16.0.0 Darwin Kernel Version 16.0.0: Mon Aug 29 17:56:20 PDT 2016; root:xnu-3789.1.32~3/RELEASE_X86_64 x86_64
rlimit: STACK 8192k, CORE 0k, NPROC 709, NOFILE 10240, AS infinity
load average:2.03 2.10 1.86

CPU:total 4 (2 cores per cpu, 2 threads per core) family 6 model 58 stepping 9, cmov, cx8, fxsr, mmx, sse, sse2, sse3, ssse3, sse4.1, sse4.2, popcnt, avx, aes, clmul, erms, ht, tsc, tscinvbit, tscinv

Memory: 4k page, physical 4194304k(19384k free)

/proc/meminfo:


vm_info: Java HotSpot(TM) 64-Bit Server VM (25.25-b02) for bsd-amd64 JRE (1.8.0_25-b17), built on Sep 17 2014 16:56:50 by "java_re" with gcc 4.2.1 (Based on Apple Inc. build 5658) (LLVM build 2336.11.00)

time: Tue Apr  4 12:59:15 2017
elapsed time: 5191 seconds (0d 1h 26m 31s)

